IMLib/build/outputs/logs/manifest-merger-debug-report.txt
-- Merging decision tree log ---
manifest
ADDED from BoChat2.0\IMLib\AndroidManifest.xml:1:1-64:12
INJECTED from BoChat2.0\IMLib\AndroidManifest.xml:1:1-64:12
INJECTED from BoChat2.0\IMLib\AndroidManifest.xml:1:1-64:12
INJECTED from BoChat2.0\IMLib\AndroidManifest.xml:1:1-64:12
INJECTED from BoChat2.0\IMLib\AndroidManifest.xml:1:1-64:12
INJECTED from BoChat2.0\IMLib\AndroidManifest.xml:1:1-64:12
INJECTED from BoChat2.0\IMLib\AndroidManifest.xml:1:1-64:12
	package
		ADDED from BoChat2.0\IMLib\AndroidManifest.xml:2:5-28
		INJECTED from BoChat2.0\IMLib\AndroidManifest.xml
		INJECTED from BoChat2.0\IMLib\AndroidManifest.xml
	android:versionName
		INJECTED from BoChat2.0\IMLib\AndroidManifest.xml
		ADDED from BoChat2.0\IMLib\AndroidManifest.xml:1:1-64:12
		INJECTED from BoChat2.0\IMLib\AndroidManifest.xml
	android:versionCode
		INJECTED from BoChat2.0\IMLib\AndroidManifest.xml
		ADDED from BoChat2.0\IMLib\AndroidManifest.xml:1:1-64:12
		INJECTED from BoChat2.0\IMLib\AndroidManifest.xml
	xmlns:android
		ADDED from BoChat2.0\IMLib\AndroidManifest.xml:1:11-69
uses-permission#android.permission.WRITE_EXTERNAL_STORAGE
ADDED from BoChat2.0\IMLib\AndroidManifest.xml:5:5-81
	android:name
		ADDED from BoChat2.0\IMLib\AndroidManifest.xml:5:22-78
uses-permission#android.permission.INTERNET
ADDED from BoChat2.0\IMLib\AndroidManifest.xml:7:5-67
	android:name
		ADDED from BoChat2.0\IMLib\AndroidManifest.xml:7:22-64
uses-permission#android.permission.ACCESS_NETWORK_STATE
ADDED from BoChat2.0\IMLib\AndroidManifest.xml:8:5-79
	android:name
		ADDED from BoChat2.0\IMLib\AndroidManifest.xml:8:22-76
uses-permission#android.permission.ACCESS_WIFI_STATE
ADDED from BoChat2.0\IMLib\AndroidManifest.xml:9:5-76
	android:name
		ADDED from BoChat2.0\IMLib\AndroidManifest.xml:9:22-73
uses-permission#android.permission.WAKE_LOCK
ADDED from BoChat2.0\IMLib\AndroidManifest.xml:11:5-68
	android:name
		ADDED from BoChat2.0\IMLib\AndroidManifest.xml:11:22-65
uses-permission#android.permission.ACCESS_FINE_LOCATION
ADDED from BoChat2.0\IMLib\AndroidManifest.xml:13:5-79
	android:name
		ADDED from BoChat2.0\IMLib\AndroidManifest.xml:13:22-76
application
ADDED from BoChat2.0\IMLib\AndroidManifest.xml:15:5-62:19
meta-data#RONG_CLOUD_APP_KEY
ADDED from BoChat2.0\IMLib\AndroidManifest.xml:16:9-18:43
	android:value
		ADDED from BoChat2.0\IMLib\AndroidManifest.xml:18:13-40
	android:name
		ADDED from BoChat2.0\IMLib\AndroidManifest.xml:17:13-46
service#io.rong.imlib.ipc.RongService
ADDED from BoChat2.0\IMLib\AndroidManifest.xml:20:9-23:38
	android:process
		ADDED from BoChat2.0\IMLib\AndroidManifest.xml:23:13-35
	android:exported
		ADDED from BoChat2.0\IMLib\AndroidManifest.xml:22:13-36
	android:name
		ADDED from BoChat2.0\IMLib\AndroidManifest.xml:21:13-57
receiver#io.rong.imlib.ConnectChangeReceiver
ADDED from BoChat2.0\IMLib\AndroidManifest.xml:25:9-27:39
	android:exported
		ADDED from BoChat2.0\IMLib\AndroidManifest.xml:27:13-36
	android:name
		ADDED from BoChat2.0\IMLib\AndroidManifest.xml:26:13-63
receiver#io.rong.imlib.HeartbeatReceiver
ADDED from BoChat2.0\IMLib\AndroidManifest.xml:29:9-31:38
	android:process
		ADDED from BoChat2.0\IMLib\AndroidManifest.xml:31:13-35
	android:name
		ADDED from BoChat2.0\IMLib\AndroidManifest.xml:30:13-59
service#io.rong.push.rongpush.PushService
ADDED from BoChat2.0\IMLib\AndroidManifest.xml:35:9-39:46
	android:process
		ADDED from BoChat2.0\IMLib\AndroidManifest.xml:39:13-43
	android:exported
		ADDED from BoChat2.0\IMLib\AndroidManifest.xml:37:13-36
	android:permission
		ADDED from BoChat2.0\IMLib\AndroidManifest.xml:38:13-69
	android:name
		ADDED from BoChat2.0\IMLib\AndroidManifest.xml:36:13-61
receiver#io.rong.push.rongpush.PushReceiver
ADDED from BoChat2.0\IMLib\AndroidManifest.xml:42:9-57:20
	android:process
		ADDED from BoChat2.0\IMLib\AndroidManifest.xml:44:13-43
	android:name
		ADDED from BoChat2.0\IMLib\AndroidManifest.xml:43:13-62
intent-filter#action:name:android.net.conn.CONNECTIVITY_CHANGE+action:name:io.rong.push.intent.action.HEART_BEAT
ADDED from BoChat2.0\IMLib\AndroidManifest.xml:46:13-49:29
action#io.rong.push.intent.action.HEART_BEAT
ADDED from BoChat2.0\IMLib\AndroidManifest.xml:47:17-80
	android:name
		ADDED from BoChat2.0\IMLib\AndroidManifest.xml:47:25-77
action#android.net.conn.CONNECTIVITY_CHANGE
ADDED from BoChat2.0\IMLib\AndroidManifest.xml:48:17-79
	android:name
		ADDED from BoChat2.0\IMLib\AndroidManifest.xml:48:25-76
intent-filter#action:name:android.intent.action.ACTION_POWER_CONNECTED+action:name:android.intent.action.ACTION_POWER_DISCONNECTED+action:name:android.intent.action.USER_PRESENT
ADDED from BoChat2.0\IMLib\AndroidManifest.xml:52:13-56:29
action#android.intent.action.USER_PRESENT
ADDED from BoChat2.0\IMLib\AndroidManifest.xml:53:17-77
	android:name
		ADDED from BoChat2.0\IMLib\AndroidManifest.xml:53:25-74
action#android.intent.action.ACTION_POWER_CONNECTED
ADDED from BoChat2.0\IMLib\AndroidManifest.xml:54:17-87
	android:name
		ADDED from BoChat2.0\IMLib\AndroidManifest.xml:54:25-84
action#android.intent.action.ACTION_POWER_DISCONNECTED
ADDED from BoChat2.0\IMLib\AndroidManifest.xml:55:17-90
	android:name
		ADDED from BoChat2.0\IMLib\AndroidManifest.xml:55:25-87
uses-sdk
INJECTED from BoChat2.0\IMLib\AndroidManifest.xml reason: use-sdk injection requested
INJECTED from BoChat2.0\IMLib\AndroidManifest.xml
INJECTED from BoChat2.0\IMLib\AndroidManifest.xml
INJECTED from BoChat2.0\IMLib\AndroidManifest.xml
INJECTED from BoChat2.0\IMLib\AndroidManifest.xml
	android:targetSdkVersion
		INJECTED from BoChat2.0\IMLib\AndroidManifest.xml
		ADDED from BoChat2.0\IMLib\AndroidManifest.xml
		INJECTED from BoChat2.0\IMLib\AndroidManifest.xml
	android:minSdkVersion
		INJECTED from BoChat2.0\IMLib\AndroidManifest.xml
		ADDED from BoChat2.0\IMLib\AndroidManifest.xml
		INJECTED from BoChat2.0\IMLib\AndroidManifest.xml